Removed Pin From Net: NetName=GND Pin=C1-1
Removed Pin From Net: NetName=DTR Pin=C2-1
Removed Pin From Net: NetName=Reset Pin=C2-2
Removed Pin From Net: NetName=GND Pin=C3-2
Removed Pin From Net: NetName=GND Pin=C6-1
Removed Pin From Net: NetName=V+ Pin=C6-2
Removed Pin From Net: NetName=VCC Pin=CN1-1
Removed Pin From Net: NetName=GND Pin=CN1-5
Removed Pin From Net: NetName=GND Pin=CN1-6
Removed Pin From Net: NetName=GND Pin=CN1-7
Removed Pin From Net: NetName=GND Pin=CN1-8
Removed Pin From Net: NetName=GND Pin=CN1-9
Removed Pin From Net: NetName=GND Pin=D2-1
Removed Pin From Net: NetName=V+ Pin=D2-2
Removed Pin From Net: NetName=GND Pin=P1-1
Removed Pin From Net: NetName=SCL Pin=P1-3
Removed Pin From Net: NetName=SDA Pin=P1-4
Removed Pin From Net: NetName=GND Pin=P4-1
Removed Pin From Net: NetName=GND Pin=P5-1
Removed Pin From Net: NetName=VCC Pin=P6-1
Removed Pin From Net: NetName=GND Pin=Q2-1
Removed Pin From Net: NetName=VCC Pin=Q3-3
Removed Pin From Net: NetName=TEMP_sense Pin=Q3-4
Removed Pin From Net: NetName=GND Pin=R1-1
Removed Pin From Net: NetName=L_but Pin=R1-2
Removed Pin From Net: NetName=Hall Pin=R2-1
Removed Pin From Net: NetName=GND Pin=R4-1
Removed Pin From Net: NetName=R_but Pin=R4-2
Removed Pin From Net: NetName=PWM_MOS Pin=R5-1
Removed Pin From Net: NetName=V- Pin=R6-1
Removed Pin From Net: NetName=TEMP Pin=R6-2
Removed Pin From Net: NetName=GND Pin=R7-1
Removed Pin From Net: NetName=V- Pin=R7-2
Removed Pin From Net: NetName=V+ Pin=R8-1
Removed Pin From Net: NetName=TEMP_sense Pin=R8-2
Removed Pin From Net: NetName=VCC Pin=R9-1
Removed Pin From Net: NetName=Reset Pin=R11-1
Removed Pin From Net: NetName=5V Pin=S2-1
Removed Pin From Net: NetName=L_but Pin=S2-2
Removed Pin From Net: NetName=L_but Pin=S2-2
Removed Pin From Net: NetName=R_but Pin=S3-2
Removed Pin From Net: NetName=TEMP_sense Pin=U2-1
Removed Pin From Net: NetName=GND Pin=U3-1
Removed Pin From Net: NetName=TEMP Pin=U5-1
Removed Pin From Net: NetName=V- Pin=U5-2
Removed Pin From Net: NetName=V+ Pin=U5-3
Removed Pin From Net: NetName=GND Pin=U5-4
Added Pin To Net: NetName=L_but Pin=S2-1
Added Pin To Net: NetName=5V Pin=S2-2
Added Member To Class: ClassName=±„–ØT12¿”Ã˙ Member=Component X1 16MHZ
Added Room: Name=±„–ØT12¿”Ã˙
