Change Component Designator: OldDesignator=J? NewDesignator=J5
Added Member To Class: ClassName=±ãĞ¯T12ÀÓÌú Member=Component C1 2.2n
Added Member To Class: ClassName=±ãĞ¯T12ÀÓÌú Member=Component C2 0.1u
Added Member To Class: ClassName=±ãĞ¯T12ÀÓÌú Member=Component C3 0.1u
Added Member To Class: ClassName=±ãĞ¯T12ÀÓÌú Member=Component J2 ÏÂÔØ½Ó¿Ú
Added Member To Class: ClassName=±ãĞ¯T12ÀÓÌú Member=Component P1 ±£ÏÕË¿¼Ğ×Ó
Added Member To Class: ClassName=±ãĞ¯T12ÀÓÌú Member=Component P2 ±£ÏÕË¿¼Ğ×Ó
Added Member To Class: ClassName=±ãĞ¯T12ÀÓÌú Member=Component P3 ±£ÏÕË¿¼Ğ×Ó
Added Member To Class: ClassName=±ãĞ¯T12ÀÓÌú Member=Component Q1 NPN1
Added Member To Class: ClassName=±ãĞ¯T12ÀÓÌú Member=Component Q2 P-MOS
Added Member To Class: ClassName=±ãĞ¯T12ÀÓÌú Member=Component R1 10K
Added Member To Class: ClassName=±ãĞ¯T12ÀÓÌú Member=Component R2 1K
Added Member To Class: ClassName=±ãĞ¯T12ÀÓÌú Member=Component R3 10K
Added Member To Class: ClassName=±ãĞ¯T12ÀÓÌú Member=Component R4 1K
Added Member To Class: ClassName=±ãĞ¯T12ÀÓÌú Member=Component R5 200K
Added Member To Class: ClassName=±ãĞ¯T12ÀÓÌú Member=Component R6 10K
Added Member To Class: ClassName=±ãĞ¯T12ÀÓÌú Member=Component R7 2K
Added Member To Class: ClassName=±ãĞ¯T12ÀÓÌú Member=Component R8 2K
Added Member To Class: ClassName=±ãĞ¯T12ÀÓÌú Member=Component R9 10K
Added Member To Class: ClassName=±ãĞ¯T12ÀÓÌú Member=Component R10 1M
Added Member To Class: ClassName=±ãĞ¯T12ÀÓÌú Member=Component S1 S
Added Member To Class: ClassName=±ãĞ¯T12ÀÓÌú Member=Component S2 SW
Added Member To Class: ClassName=±ãĞ¯T12ÀÓÌú Member=Component S3 SW
Added Member To Class: ClassName=±ãĞ¯T12ÀÓÌú Member=Component U1 LM358G-S08-R
Added Member To Class: ClassName=±ãĞ¯T12ÀÓÌú Member=Component U2 ATMEGA328P-AU
Added Member To Class: ClassName=±ãĞ¯T12ÀÓÌú Member=Component X1 16MHZ
Added Room: Name=±ãĞ¯T12ÀÓÌú
